17:44:13.143 [main] INFO  com.intuit.karate.Runner - using system property 'karate.options': --tags @TEST-7
17:44:13.315 [main] DEBUG com.intuit.karate.Suite - [config] classpath:karate-config.js
17:44:14.259 [main] INFO  com.intuit.karate - karate.env system property was: null 
17:44:14.339 [main] INFO  c.intuit.karate.core.FeatureRuntime - classpath:examples/users/users.feature - call by tag at line 9: crearMascota
17:44:14.671 [main] DEBUG com.intuit.karate - request:
1 > POST https://petstore.swagger.io/v2/pet
1 > Content-Type: application/json; charset=UTF-8
1 > Content-Length: 135
1 > Host: petstore.swagger.io
1 > Connection: Keep-Alive
1 > User-Agent: Apache-HttpClient/4.5.14 (Java/17.0.15)
1 > Accept-Encoding: gzip,deflate
{"id":1,"category":{"id":0,"name":"string"},"name":"Max","photoUrls":["string"],"tags":[{"id":0,"name":"string"}],"status":"available"}

17:44:15.528 [main] DEBUG com.intuit.karate - response time in milliseconds: 852
1 < 200
1 < Date: Sat, 21 Feb 2026 22:44:12 GMT
1 < Content-Type: application/json
1 < Transfer-Encoding: chunked
1 < Connection: keep-alive
1 < Access-Control-Allow-Origin: *
1 < Access-Control-Allow-Methods: GET, POST, DELETE, PUT
1 < Access-Control-Allow-Headers: Content-Type, api_key, Authorization
1 < Server: Jetty(9.2.9.v20150224)
{"id":1,"category":{"id":0,"name":"string"},"name":"Max","photoUrls":["string"],"tags":[{"id":0,"name":"string"}],"status":"available"}

17:44:15.545 [main] INFO  com.intuit.karate - [print] 1 
17:44:15.556 [main] DEBUG com.intuit.karate - request:
1 > GET https://petstore.swagger.io/v2/pet/1
1 > Host: petstore.swagger.io
1 > Connection: Keep-Alive
1 > User-Agent: Apache-HttpClient/4.5.14 (Java/17.0.15)
1 > Accept-Encoding: gzip,deflate


17:44:16.020 [main] DEBUG com.intuit.karate - response time in milliseconds: 463
1 < 200
1 < Date: Sat, 21 Feb 2026 22:44:13 GMT
1 < Content-Type: application/json
1 < Transfer-Encoding: chunked
1 < Connection: keep-alive
1 < Access-Control-Allow-Origin: *
1 < Access-Control-Allow-Methods: GET, POST, DELETE, PUT
1 < Access-Control-Allow-Headers: Content-Type, api_key, Authorization
1 < Server: Jetty(9.2.9.v20150224)
{"id":1,"category":{"id":0,"name":"string"},"name":"Max","photoUrls":["string"],"tags":[{"id":0,"name":"string"}],"status":"available"}

17:44:16.023 [main] INFO  com.intuit.karate - [print] {
  "id": 1,
  "category": {
    "id": 0,
    "name": "string"
  },
  "name": "Max",
  "photoUrls": [
    "string"
  ],
  "tags": [
    {
      "id": 0,
      "name": "string"
    }
  ],
  "status": "available"
}
 
